This is pdfTeX, Version 3.1415926-2.3-1.40.12 (MiKTeX 2.9) (preloaded format=pdflatex 2018.10.31)  26 SEP 2019 11:29
entering extended mode
**main.tex
("F:\1Study information\Scut\Papers\paper_arxiv_template\main.tex"
LaTeX2e <2011/06/27>
Babel <v3.8m> and hyphenation patterns for loaded.
(J:\Dev\CTEX\MiKTeX\tex\latex\base\article.cls
Document Class: article 2007/10/19 v1.4h Standard LaTeX document class
(J:\Dev\CTEX\MiKTeX\tex\latex\base\size10.clo
File: size10.clo 2007/10/19 v1.4h Standard LaTeX file (size option)
)
\c@part=\count79
\c@section=\count80
\c@subsection=\count81
\c@subsubsection=\count82
\c@paragraph=\count83
\c@subparagraph=\count84
\c@figure=\count85
\c@table=\count86
\abovecaptionskip=\skip41
\belowcaptionskip=\skip42
\bibindent=\dimen102
)
("F:\1Study information\Scut\Papers\paper_arxiv_template\nips_2018.sty"
Package: nips_2018 2018/03/03 NIPS 2018 submission/camera-ready style file

(J:\Dev\CTEX\MiKTeX\tex\latex\geometry\geometry.sty
Package: geometry 2010/09/12 v5.6 Page Geometry

(J:\Dev\CTEX\MiKTeX\tex\latex\graphics\keyval.sty
Package: keyval 1999/03/16 v1.13 key=value parser (DPC)
\KV@toks@=\toks14
)
(J:\Dev\CTEX\MiKTeX\tex\generic\oberdiek\ifpdf.sty
Package: ifpdf 2011/01/30 v2.3 Provides the ifpdf switch (HO)
Package ifpdf Info: pdfTeX in PDF mode is detected.
)
(J:\Dev\CTEX\MiKTeX\tex\generic\oberdiek\ifvtex.sty
Package: ifvtex 2010/03/01 v1.5 Switches for detecting VTeX and its modes (HO)
Package ifvtex Info: VTeX not detected.
)
(J:\Dev\CTEX\MiKTeX\tex\generic\ifxetex\ifxetex.sty
Package: ifxetex 2010/09/12 v0.6 Provides ifxetex conditional
)
\Gm@cnth=\count87
\Gm@cntv=\count88
\c@Gm@tempcnt=\count89
\Gm@bindingoffset=\dimen103
\Gm@wd@mp=\dimen104
\Gm@odd@mp=\dimen105
\Gm@even@mp=\dimen106
\Gm@layoutwidth=\dimen107
\Gm@layoutheight=\dimen108
\Gm@layouthoffset=\dimen109
\Gm@layoutvoffset=\dimen110
\Gm@dimlist=\toks15

(J:\Dev\CTEX\MiKTeX\tex\latex\geometry\geometry.cfg))
\@nipsabovecaptionskip=\skip43
\@nipsbelowcaptionskip=\skip44
)
(J:\Dev\CTEX\MiKTeX\tex\latex\float\float.sty
Package: float 2001/11/08 v1.3d Float enhancements (AL)
\c@float@type=\count90
\float@exts=\toks16
\float@box=\box26
\@float@everytoks=\toks17
\@floatcapt=\box27
)
(J:\Dev\CTEX\MiKTeX\tex\latex\natbib\natbib.sty
Package: natbib 2010/09/13 8.31b (PWD, AO)
\bibhang=\skip45
\bibsep=\skip46
LaTeX Info: Redefining \cite on input line 694.
\c@NAT@ctr=\count91
)
(J:\Dev\CTEX\MiKTeX\tex\latex\base\inputenc.sty
Package: inputenc 2008/03/30 v1.1d Input encoding file
\inpenc@prehook=\toks18
\inpenc@posthook=\toks19

(J:\Dev\CTEX\MiKTeX\tex\latex\base\utf8.def
File: utf8.def 2008/04/05 v1.1m UTF-8 support for inputenc
Now handling font encoding OML ...
... no UTF-8 mapping file for font encoding OML
Now handling font encoding T1 ...
... processing UTF-8 mapping file for font encoding T1

(J:\Dev\CTEX\MiKTeX\tex\latex\base\t1enc.dfu
File: t1enc.dfu 2008/04/05 v1.1m UTF-8 support for inputenc
   defining Unicode char U+00A1 (decimal 161)
   defining Unicode char U+00A3 (decimal 163)
   defining Unicode char U+00AB (decimal 171)
   defining Unicode char U+00BB (decimal 187)
   defining Unicode char U+00BF (decimal 191)
   defining Unicode char U+00C0 (decimal 192)
   defining Unicode char U+00C1 (decimal 193)
   defining Unicode char U+00C2 (decimal 194)
   defining Unicode char U+00C3 (decimal 195)
   defining Unicode char U+00C4 (decimal 196)
   defining Unicode char U+00C5 (decimal 197)
   defining Unicode char U+00C6 (decimal 198)
   defining Unicode char U+00C7 (decimal 199)
   defining Unicode char U+00C8 (decimal 200)
   defining Unicode char U+00C9 (decimal 201)
   defining Unicode char U+00CA (decimal 202)
   defining Unicode char U+00CB (decimal 203)
   defining Unicode char U+00CC (decimal 204)
   defining Unicode char U+00CD (decimal 205)
   defining Unicode char U+00CE (decimal 206)
   defining Unicode char U+00CF (decimal 207)
   defining Unicode char U+00D0 (decimal 208)
   defining Unicode char U+00D1 (decimal 209)
   defining Unicode char U+00D2 (decimal 210)
   defining Unicode char U+00D3 (decimal 211)
   defining Unicode char U+00D4 (decimal 212)
   defining Unicode char U+00D5 (decimal 213)
   defining Unicode char U+00D6 (decimal 214)
   defining Unicode char U+00D8 (decimal 216)
   defining Unicode char U+00D9 (decimal 217)
   defining Unicode char U+00DA (decimal 218)
   defining Unicode char U+00DB (decimal 219)
   defining Unicode char U+00DC (decimal 220)
   defining Unicode char U+00DD (decimal 221)
   defining Unicode char U+00DE (decimal 222)
   defining Unicode char U+00DF (decimal 223)
   defining Unicode char U+00E0 (decimal 224)
   defining Unicode char U+00E1 (decimal 225)
   defining Unicode char U+00E2 (decimal 226)
   defining Unicode char U+00E3 (decimal 227)
   defining Unicode char U+00E4 (decimal 228)
   defining Unicode char U+00E5 (decimal 229)
   defining Unicode char U+00E6 (decimal 230)
   defining Unicode char U+00E7 (decimal 231)
   defining Unicode char U+00E8 (decimal 232)
   defining Unicode char U+00E9 (decimal 233)
   defining Unicode char U+00EA (decimal 234)
   defining Unicode char U+00EB (decimal 235)
   defining Unicode char U+00EC (decimal 236)
   defining Unicode char U+00ED (decimal 237)
   defining Unicode char U+00EE (decimal 238)
   defining Unicode char U+00EF (decimal 239)
   defining Unicode char U+00F0 (decimal 240)
   defining Unicode char U+00F1 (decimal 241)
   defining Unicode char U+00F2 (decimal 242)
   defining Unicode char U+00F3 (decimal 243)
   defining Unicode char U+00F4 (decimal 244)
   defining Unicode char U+00F5 (decimal 245)
   defining Unicode char U+00F6 (decimal 246)
   defining Unicode char U+00F8 (decimal 248)
   defining Unicode char U+00F9 (decimal 249)
   defining Unicode char U+00FA (decimal 250)
   defining Unicode char U+00FB (decimal 251)
   defining Unicode char U+00FC (decimal 252)
   defining Unicode char U+00FD (decimal 253)
   defining Unicode char U+00FE (decimal 254)
   defining Unicode char U+00FF (decimal 255)
   defining Unicode char U+0102 (decimal 258)
   defining Unicode char U+0103 (decimal 259)
   defining Unicode char U+0104 (decimal 260)
   defining Unicode char U+0105 (decimal 261)
   defining Unicode char U+0106 (decimal 262)
   defining Unicode char U+0107 (decimal 263)
   defining Unicode char U+010C (decimal 268)
   defining Unicode char U+010D (decimal 269)
   defining Unicode char U+010E (decimal 270)
   defining Unicode char U+010F (decimal 271)
   defining Unicode char U+0110 (decimal 272)
   defining Unicode char U+0111 (decimal 273)
   defining Unicode char U+0118 (decimal 280)
   defining Unicode char U+0119 (decimal 281)
   defining Unicode char U+011A (decimal 282)
   defining Unicode char U+011B (decimal 283)
   defining Unicode char U+011E (decimal 286)
   defining Unicode char U+011F (decimal 287)
   defining Unicode char U+0130 (decimal 304)
   defining Unicode char U+0131 (decimal 305)
   defining Unicode char U+0132 (decimal 306)
   defining Unicode char U+0133 (decimal 307)
   defining Unicode char U+0139 (decimal 313)
   defining Unicode char U+013A (decimal 314)
   defining Unicode char U+013D (decimal 317)
   defining Unicode char U+013E (decimal 318)
   defining Unicode char U+0141 (decimal 321)
   defining Unicode char U+0142 (decimal 322)
   defining Unicode char U+0143 (decimal 323)
   defining Unicode char U+0144 (decimal 324)
   defining Unicode char U+0147 (decimal 327)
   defining Unicode char U+0148 (decimal 328)
   defining Unicode char U+014A (decimal 330)
   defining Unicode char U+014B (decimal 331)
   defining Unicode char U+0150 (decimal 336)
   defining Unicode char U+0151 (decimal 337)
   defining Unicode char U+0152 (decimal 338)
   defining Unicode char U+0153 (decimal 339)
   defining Unicode char U+0154 (decimal 340)
   defining Unicode char U+0155 (decimal 341)
   defining Unicode char U+0158 (decimal 344)
   defining Unicode char U+0159 (decimal 345)
   defining Unicode char U+015A (decimal 346)
   defining Unicode char U+015B (decimal 347)
   defining Unicode char U+015E (decimal 350)
   defining Unicode char U+015F (decimal 351)
   defining Unicode char U+0160 (decimal 352)
   defining Unicode char U+0161 (decimal 353)
   defining Unicode char U+0162 (decimal 354)
   defining Unicode char U+0163 (decimal 355)
   defining Unicode char U+0164 (decimal 356)
   defining Unicode char U+0165 (decimal 357)
   defining Unicode char U+016E (decimal 366)
   defining Unicode char U+016F (decimal 367)
   defining Unicode char U+0170 (decimal 368)
   defining Unicode char U+0171 (decimal 369)
   defining Unicode char U+0178 (decimal 376)
   defining Unicode char U+0179 (decimal 377)
   defining Unicode char U+017A (decimal 378)
   defining Unicode char U+017B (decimal 379)
   defining Unicode char U+017C (decimal 380)
   defining Unicode char U+017D (decimal 381)
   defining Unicode char U+017E (decimal 382)
   defining Unicode char U+200C (decimal 8204)
   defining Unicode char U+2013 (decimal 8211)
   defining Unicode char U+2014 (decimal 8212)
   defining Unicode char U+2018 (decimal 8216)
   defining Unicode char U+2019 (decimal 8217)
   defining Unicode char U+201A (decimal 8218)
   defining Unicode char U+201C (decimal 8220)
   defining Unicode char U+201D (decimal 8221)
   defining Unicode char U+201E (decimal 8222)
   defining Unicode char U+2030 (decimal 8240)
   defining Unicode char U+2031 (decimal 8241)
   defining Unicode char U+2039 (decimal 8249)
   defining Unicode char U+203A (decimal 8250)
   defining Unicode char U+2423 (decimal 9251)
)
Now handling font encoding OT1 ...
... processing UTF-8 mapping file for font encoding OT1

(J:\Dev\CTEX\MiKTeX\tex\latex\base\ot1enc.dfu
File: ot1enc.dfu 2008/04/05 v1.1m UTF-8 support for inputenc
   defining Unicode char U+00A1 (decimal 161)
   defining Unicode char U+00A3 (decimal 163)
   defining Unicode char U+00B8 (decimal 184)
   defining Unicode char U+00BF (decimal 191)
   defining Unicode char U+00C5 (decimal 197)
   defining Unicode char U+00C6 (decimal 198)
   defining Unicode char U+00D8 (decimal 216)
   defining Unicode char U+00DF (decimal 223)
   defining Unicode char U+00E6 (decimal 230)
   defining Unicode char U+00EC (decimal 236)
   defining Unicode char U+00ED (decimal 237)
   defining Unicode char U+00EE (decimal 238)
   defining Unicode char U+00EF (decimal 239)
   defining Unicode char U+00F8 (decimal 248)
   defining Unicode char U+0131 (decimal 305)
   defining Unicode char U+0141 (decimal 321)
   defining Unicode char U+0142 (decimal 322)
   defining Unicode char U+0152 (decimal 338)
   defining Unicode char U+0153 (decimal 339)
   defining Unicode char U+2013 (decimal 8211)
   defining Unicode char U+2014 (decimal 8212)
   defining Unicode char U+2018 (decimal 8216)
   defining Unicode char U+2019 (decimal 8217)
   defining Unicode char U+201C (decimal 8220)
   defining Unicode char U+201D (decimal 8221)
)
Now handling font encoding OMS ...
... processing UTF-8 mapping file for font encoding OMS

(J:\Dev\CTEX\MiKTeX\tex\latex\base\omsenc.dfu
File: omsenc.dfu 2008/04/05 v1.1m UTF-8 support for inputenc
   defining Unicode char U+00A7 (decimal 167)
   defining Unicode char U+00B6 (decimal 182)
   defining Unicode char U+00B7 (decimal 183)
   defining Unicode char U+2020 (decimal 8224)
   defining Unicode char U+2021 (decimal 8225)
   defining Unicode char U+2022 (decimal 8226)
)
Now handling font encoding OMX ...
... no UTF-8 mapping file for font encoding OMX
Now handling font encoding U ...
... no UTF-8 mapping file for font encoding U
   defining Unicode char U+00A9 (decimal 169)
   defining Unicode char U+00AA (decimal 170)
   defining Unicode char U+00AE (decimal 174)
   defining Unicode char U+00BA (decimal 186)
   defining Unicode char U+02C6 (decimal 710)
   defining Unicode char U+02DC (decimal 732)
   defining Unicode char U+200C (decimal 8204)
   defining Unicode char U+2026 (decimal 8230)
   defining Unicode char U+2122 (decimal 8482)
   defining Unicode char U+2423 (decimal 9251)
))
(J:\Dev\CTEX\MiKTeX\tex\latex\base\fontenc.sty
Package: fontenc 2005/09/27 v1.99g Standard LaTeX package

(J:\Dev\CTEX\MiKTeX\tex\latex\base\t1enc.def
File: t1enc.def 2005/09/27 v1.99g Standard LaTeX file
LaTeX Font Info:    Redeclaring font encoding T1 on input line 43.
))
(J:\Dev\CTEX\MiKTeX\tex\latex\hyperref\hyperref.sty
Package: hyperref 2012/02/06 v6.82o Hypertext links for LaTeX

(J:\Dev\CTEX\MiKTeX\tex\generic\oberdiek\hobsub-hyperref.sty
Package: hobsub-hyperref 2011/04/23 v1.4 Bundle oberdiek, subset hyperref (HO)

(J:\Dev\CTEX\MiKTeX\tex\generic\oberdiek\hobsub-generic.sty
Package: hobsub-generic 2011/04/23 v1.4 Bundle oberdiek, subset generic (HO)
Package: hobsub 2011/04/23 v1.4 Subsetting bundle oberdiek (HO)
Package: infwarerr 2010/04/08 v1.3 Providing info/warning/message (HO)
Package: ltxcmds 2011/04/18 v1.20 LaTeX kernel commands for general use (HO)
Package: ifluatex 2010/03/01 v1.3 Provides the ifluatex switch (HO)
Package ifluatex Info: LuaTeX not detected.
Package hobsub Info: Skipping package `ifvtex' (already loaded).
Package: intcalc 2007/09/27 v1.1 Expandable integer calculations (HO)
Package hobsub Info: Skipping package `ifpdf' (already loaded).
Package: etexcmds 2011/02/16 v1.5 Prefix for e-TeX command names (HO)
Package etexcmds Info: Could not find \expanded.
(etexcmds)             That can mean that you are not using pdfTeX 1.50 or
(etexcmds)             that some package has redefined \expanded.
(etexcmds)             In the latter case, load this package earlier.
Package: kvsetkeys 2011/04/07 v1.13 Key value parser (HO)
Package: kvdefinekeys 2011/04/07 v1.3 Defining keys (HO)
Package: pdftexcmds 2011/04/22 v0.16 Utilities of pdfTeX for LuaTeX (HO)
Package pdftexcmds Info: LuaTeX not detected.
Package pdftexcmds Info: \pdf@primitive is available.
Package pdftexcmds Info: \pdf@ifprimitive is available.
Package pdftexcmds Info: \pdfdraftmode found.
Package: pdfescape 2011/04/04 v1.12 Provides string conversions (HO)
Package: bigintcalc 2011/01/30 v1.2 Expandable big integer calculations (HO)
Package: bitset 2011/01/30 v1.1 Data type bit set (HO)
Package: uniquecounter 2011/01/30 v1.2 Provides unlimited unique counter (HO)
)
Package hobsub Info: Skipping package `hobsub' (already loaded).
Package: letltxmacro 2010/09/02 v1.4 Let assignment for LaTeX macros (HO)
Package: hopatch 2011/01/30 v1.0 Wrapper for package hooks (HO)
Package: xcolor-patch 2011/01/30 xcolor patch
Package: atveryend 2011/04/23 v1.7 Hooks at very end of document (HO)
Package: atbegshi 2011/01/30 v1.15 At begin shipout hook (HO)
Package: refcount 2010/12/01 v3.2 Data extraction from references (HO)
Package: hycolor 2011/01/30 v1.7 Color options of hyperref/bookmark (HO)
)
(J:\Dev\CTEX\MiKTeX\tex\latex\oberdiek\kvoptions.sty
Package: kvoptions 2010/12/23 v3.10 Keyval support for LaTeX options (HO)
)
\@linkdim=\dimen111
\Hy@linkcounter=\count92
\Hy@pagecounter=\count93

(J:\Dev\CTEX\MiKTeX\tex\latex\hyperref\pd1enc.def
File: pd1enc.def 2012/02/06 v6.82o Hyperref: PDFDocEncoding definition (HO)
Now handling font encoding PD1 ...
... no UTF-8 mapping file for font encoding PD1
)
\Hy@SavedSpaceFactor=\count94

(J:\Dev\CTEX\MiKTeX\tex\latex\00miktex\hyperref.cfg
File: hyperref.cfg 2002/06/06 v1.2 hyperref configuration of TeXLive
)
Package hyperref Info: Hyper figures OFF on input line 4046.
Package hyperref Info: Link nesting OFF on input line 4051.
Package hyperref Info: Hyper index ON on input line 4054.
Package hyperref Info: Plain pages OFF on input line 4061.
Package hyperref Info: Backreferencing OFF on input line 4066.
Package hyperref Info: Implicit mode ON; LaTeX internals redefined.
Package hyperref Info: Bookmarks ON on input line 4284.
\c@Hy@tempcnt=\count95

(J:\Dev\CTEX\MiKTeX\tex\latex\ltxmisc\url.sty
\Urlmuskip=\muskip10
Package: url 2006/04/12  ver 3.3  Verb mode for urls, etc.
)
LaTeX Info: Redefining \url on input line 4637.
\Fld@menulength=\count96
\Field@Width=\dimen112
\Fld@charsize=\dimen113
Package hyperref Info: Hyper figures OFF on input line 5757.
Package hyperref Info: Link nesting OFF on input line 5762.
Package hyperref Info: Hyper index ON on input line 5765.
Package hyperref Info: backreferencing OFF on input line 5772.
Package hyperref Info: Link coloring OFF on input line 5777.
Package hyperref Info: Link coloring with OCG OFF on input line 5782.
Package hyperref Info: PDF/A mode OFF on input line 5787.
LaTeX Info: Redefining \ref on input line 5827.
LaTeX Info: Redefining \pageref on input line 5831.
\Hy@abspage=\count97
\c@Item=\count98
\c@Hfootnote=\count99
)

Package hyperref Message: Driver (autodetected): hpdftex.

(J:\Dev\CTEX\MiKTeX\tex\latex\hyperref\hpdftex.def
File: hpdftex.def 2012/02/06 v6.82o Hyperref driver for pdfTeX
\Fld@listcount=\count100
\c@bookmark@seq@number=\count101

(J:\Dev\CTEX\MiKTeX\tex\latex\oberdiek\rerunfilecheck.sty
Package: rerunfilecheck 2011/04/15 v1.7 Rerun checks for auxiliary files (HO)
Package uniquecounter Info: New unique counter `rerunfilecheck' on input line 2
82.
)
\Hy@SectionHShift=\skip47
)
(J:\Dev\CTEX\MiKTeX\tex\latex\booktabs\booktabs.sty
Package: booktabs 2005/04/14 v1.61803 publication quality tables
\heavyrulewidth=\dimen114
\lightrulewidth=\dimen115
\cmidrulewidth=\dimen116
\belowrulesep=\dimen117
\belowbottomsep=\dimen118
\aboverulesep=\dimen119
\abovetopsep=\dimen120
\cmidrulesep=\dimen121
\cmidrulekern=\dimen122
\defaultaddspace=\dimen123
\@cmidla=\count102
\@cmidlb=\count103
\@aboverulesep=\dimen124
\@belowrulesep=\dimen125
\@thisruleclass=\count104
\@lastruleclass=\count105
\@thisrulewidth=\dimen126
)
(J:\Dev\CTEX\MiKTeX\tex\latex\amsfonts\amsfonts.sty
Package: amsfonts 2009/06/22 v3.00 Basic AMSFonts support
\@emptytoks=\toks20
\symAMSa=\mathgroup4
\symAMSb=\mathgroup5
LaTeX Font Info:    Overwriting math alphabet `\mathfrak' in version `bold'
(Font)                  U/euf/m/n --> U/euf/b/n on input line 96.
)
(J:\Dev\CTEX\MiKTeX\tex\latex\units\nicefrac.sty
Package: nicefrac 1998/08/04 v0.9b Nice fractions
\L@UnitsRaiseDisplaystyle=\skip48
\L@UnitsRaiseTextstyle=\skip49
\L@UnitsRaiseScriptstyle=\skip50

(J:\Dev\CTEX\MiKTeX\tex\latex\base\ifthen.sty
Package: ifthen 2001/05/26 v1.1c Standard LaTeX ifthen package (DPC)
))
(J:\Dev\CTEX\MiKTeX\tex\latex\microtype\microtype.sty
Package: microtype 2010/01/10 v2.4 Micro-typography with pdfTeX (RS)
\MT@toks=\toks21
\MT@count=\count106
LaTeX Info: Redefining \lsstyle on input line 1597.
LaTeX Info: Redefining \lslig on input line 1597.
\MT@outer@space=\skip51
LaTeX Info: Redefining \textls on input line 1605.
\MT@outer@kern=\dimen127
LaTeX Info: Redefining \textmicrotypecontext on input line 2156.
Package microtype Info: Loading configuration file microtype.cfg.

(J:\Dev\CTEX\MiKTeX\tex\latex\microtype\microtype.cfg
File: microtype.cfg 2010/01/10 v2.4 microtype main configuration file (RS)
))
(J:\Dev\CTEX\MiKTeX\tex\latex\graphics\graphicx.sty
Package: graphicx 1999/02/16 v1.0f Enhanced LaTeX Graphics (DPC,SPQR)

(J:\Dev\CTEX\MiKTeX\tex\latex\graphics\graphics.sty
Package: graphics 2009/02/05 v1.0o Standard LaTeX Graphics (DPC,SPQR)

(J:\Dev\CTEX\MiKTeX\tex\latex\graphics\trig.sty
Package: trig 1999/03/16 v1.09 sin cos tan (DPC)
)
(J:\Dev\CTEX\MiKTeX\tex\latex\00miktex\graphics.cfg
File: graphics.cfg 2007/01/18 v1.5 graphics configuration of teTeX/TeXLive
)
Package graphics Info: Driver file: pdftex.def on input line 91.

(J:\Dev\CTEX\MiKTeX\tex\latex\pdftex-def\pdftex.def
File: pdftex.def 2011/05/27 v0.06d Graphics/color for pdfTeX
\Gread@gobject=\count107
))
\Gin@req@height=\dimen128
\Gin@req@width=\dimen129
)
(J:\Dev\CTEX\MiKTeX\tex\latex\tools\tabularx.sty
Package: tabularx 1999/01/07 v2.07 `tabularx' package (DPC)

(J:\Dev\CTEX\MiKTeX\tex\latex\tools\array.sty
Package: array 2008/09/09 v2.4c Tabular extension package (FMi)
\col@sep=\dimen130
\extrarowheight=\dimen131
\NC@list=\toks22
\extratabsurround=\skip52
\backup@length=\skip53
)
\TX@col@width=\dimen132
\TX@old@table=\dimen133
\TX@old@col=\dimen134
\TX@target=\dimen135
\TX@delta=\dimen136
\TX@cols=\count108
\TX@ftn=\toks23
)
("F:\1Study information\Scut\Papers\paper_arxiv_template\main.aux")
LaTeX Font Info:    Checking defaults for OML/cmm/m/it on input line 56.
LaTeX Font Info:    ... okay on input line 56.
LaTeX Font Info:    Checking defaults for T1/cmr/m/n on input line 56.
LaTeX Font Info:    ... okay on input line 56.
LaTeX Font Info:    Checking defaults for OT1/cmr/m/n on input line 56.
LaTeX Font Info:    ... okay on input line 56.
LaTeX Font Info:    Checking defaults for OMS/cmsy/m/n on input line 56.
LaTeX Font Info:    ... okay on input line 56.
LaTeX Font Info:    Checking defaults for OMX/cmex/m/n on input line 56.
LaTeX Font Info:    ... okay on input line 56.
LaTeX Font Info:    Checking defaults for U/cmr/m/n on input line 56.
LaTeX Font Info:    ... okay on input line 56.
LaTeX Font Info:    Checking defaults for PD1/pdf/m/n on input line 56.
LaTeX Font Info:    ... okay on input line 56.
LaTeX Font Info:    Try loading font information for T1+ptm on input line 56.

(J:\Dev\CTEX\MiKTeX\tex\latex\psnfss\t1ptm.fd
File: t1ptm.fd 2001/06/04 font definitions for T1/ptm.
)
*geometry* driver: auto-detecting
*geometry* detected driver: pdftex
*geometry* verbose mode - [ preamble ] result:
* driver: pdftex
* paper: letterpaper
* layout: <same size as paper>
* layoutoffset:(h,v)=(0.0pt,0.0pt)
* modes: 
* h-part:(L,W,R)=(92.14519pt, 430.00462pt, 92.14519pt)
* v-part:(T,H,B)=(95.39737pt, 556.47656pt, 143.09605pt)
* \paperwidth=614.295pt
* \paperheight=794.96999pt
* \textwidth=430.00462pt
* \textheight=556.47656pt
* \oddsidemargin=19.8752pt
* \evensidemargin=19.8752pt
* \topmargin=-13.87262pt
* \headheight=12.0pt
* \headsep=25.0pt
* \topskip=10.0pt
* \footskip=30.0pt
* \marginparwidth=65.0pt
* \marginparsep=11.0pt
* \columnsep=10.0pt
* \skip\footins=9.0pt plus 4.0pt minus 2.0pt
* \hoffset=0.0pt
* \voffset=0.0pt
* \mag=1000
* \@twocolumnfalse
* \@twosidefalse
* \@mparswitchfalse
* \@reversemarginfalse
* (1in=72.27pt=25.4mm, 1cm=28.453pt)

*geometry* verbose mode - [ newgeometry ] result:
* driver: pdftex
* paper: letterpaper
* layout: <same size as paper>
* layoutoffset:(h,v)=(0.0pt,0.0pt)
* modes: 
* h-part:(L,W,R)=(108.405pt, 397.48499pt, 108.40501pt)
* v-part:(T,H,B)=(72.26999pt, 650.43pt, 72.27pt)
* \paperwidth=614.295pt
* \paperheight=794.96999pt
* \textwidth=397.48499pt
* \textheight=650.43pt
* \oddsidemargin=36.13501pt
* \evensidemargin=36.13501pt
* \topmargin=-37.0pt
* \headheight=12.0pt
* \headsep=25.0pt
* \topskip=10.0pt
* \footskip=30.0pt
* \marginparwidth=65.0pt
* \marginparsep=11.0pt
* \columnsep=10.0pt
* \skip\footins=9.0pt plus 4.0pt minus 2.0pt
* \hoffset=0.0pt
* \voffset=0.0pt
* \mag=1000
* \@twocolumnfalse
* \@twosidefalse
* \@mparswitchfalse
* \@reversemarginfalse
* (1in=72.27pt=25.4mm, 1cm=28.453pt)

\AtBeginShipoutBox=\box28
Package hyperref Info: Link coloring OFF on input line 56.
(J:\Dev\CTEX\MiKTeX\tex\latex\hyperref\nameref.sty
Package: nameref 2010/04/30 v2.40 Cross-referencing by name of section

(J:\Dev\CTEX\MiKTeX\tex\generic\oberdiek\gettitlestring.sty
Package: gettitlestring 2010/12/03 v1.4 Cleanup title references (HO)
)
\c@section@level=\count109
)
LaTeX Info: Redefining \ref on input line 56.
LaTeX Info: Redefining \pageref on input line 56.
LaTeX Info: Redefining \nameref on input line 56.

("F:\1Study information\Scut\Papers\paper_arxiv_template\main.out")
("F:\1Study information\Scut\Papers\paper_arxiv_template\main.out")
\@outlinefile=\write3
LaTeX Info: Redefining \microtypecontext on input line 56.
Package microtype Info: Generating PDF output.
Package microtype Info: Character protrusion enabled (level 2).
Package microtype Info: Using default protrusion set `alltext'.
Package microtype Info: Automatic font expansion enabled (level 2),
(microtype)             stretch: 20, shrink: 20, step: 1, non-selected.
Package microtype Info: Using default expansion set `basictext'.
Package microtype Info: No tracking.
Package microtype Info: No adjustment of interword spacing.
Package microtype Info: No adjustment of character kerning.

(J:\Dev\CTEX\MiKTeX\tex\latex\microtype\mt-ptm.cfg
File: mt-ptm.cfg 2006/04/20 v1.7 microtype config. file: Times (RS)
)
(J:\Dev\CTEX\MiKTeX\tex\context\base\supp-pdf.mkii
[Loading MPS to PDF converter (version 2006.09.02).]
\scratchcounter=\count110
\scratchdimen=\dimen137
\scratchbox=\box29
\nofMPsegments=\count111
\nofMParguments=\count112
\everyMPshowfont=\toks24
\MPscratchCnt=\count113
\MPscratchDim=\dimen138
\MPnumerator=\count114
\makeMPintoPDFobject=\count115
\everyMPtoPDFconversion=\toks25
)
LaTeX Font Info:    Font shape `T1/ptm/bx/n' in size <17.28> not available
(Font)              Font shape `T1/ptm/b/n' tried instead on input line 59.
 (J:\Dev\CTEX\MiKTeX\tex\latex\microtype\mt-cmr.cfg
File: mt-cmr.cfg 2009/11/09 v2.0 microtype config. file: Computer Modern Roman 
(RS)
)
LaTeX Font Info:    Try loading font information for U+msa on input line 59.

(J:\Dev\CTEX\MiKTeX\tex\latex\amsfonts\umsa.fd
File: umsa.fd 2009/06/22 v3.00 AMS symbols A
)
(J:\Dev\CTEX\MiKTeX\tex\latex\microtype\mt-msa.cfg
File: mt-msa.cfg 2006/02/04 v1.1 microtype config. file: AMS symbols (a) (RS)
)
LaTeX Font Info:    Try loading font information for U+msb on input line 59.

(J:\Dev\CTEX\MiKTeX\tex\latex\amsfonts\umsb.fd
File: umsb.fd 2009/06/22 v3.00 AMS symbols B
)
(J:\Dev\CTEX\MiKTeX\tex\latex\microtype\mt-msb.cfg
File: mt-msb.cfg 2005/06/01 v1.0 microtype config. file: AMS symbols (b) (RS)
)
LaTeX Font Info:    Font shape `T1/ptm/bx/n' in size <10> not available
(Font)              Font shape `T1/ptm/b/n' tried instead on input line 59.
LaTeX Font Info:    Try loading font information for T1+cmtt on input line 59.

(J:\Dev\CTEX\MiKTeX\tex\latex\base\t1cmtt.fd
File: t1cmtt.fd 1999/05/25 v2.5h Standard LaTeX font definitions
)
LaTeX Font Info:    Font shape `T1/ptm/bx/n' in size <12> not available
(Font)              Font shape `T1/ptm/b/n' tried instead on input line 60.


Package natbib Warning: Citation `Camacho-Collados' on page 1 undefined on inpu
t line 66.


Package natbib Warning: Citation `Bengio2003' on page 1 undefined on input line
 66.


Package natbib Warning: Citation `mikolov2013distributed' on page 1 undefined o
n input line 66.


Package natbib Warning: Citation `pennington2014glove' on page 1 undefined on i
nput line 66.


Package natbib Warning: Citation `peters2018deep' on page 1 undefined on input 
line 66.


Package natbib Warning: Citation `conneau2017supervised' on page 1 undefined on
 input line 70.


Package natbib Warning: Citation `arora2016simple' on page 1 undefined on input
 line 72.


Package natbib Warning: Citation `DBLP:journals/corr/abs-1803-01400' on page 1 
undefined on input line 72.


Package natbib Warning: Citation `conneau2017supervised' on page 1 undefined on
 input line 72.

[1


{J:/Dev/CTEX/UserData/pdftex/config/pdftex.map{Unicode.sfd}{UGBK.sfd}}]

Package natbib Warning: Citation `kiros2015skip' on page 2 undefined on input l
ine 74.


Package natbib Warning: Citation `mikolov2013distributed' on page 2 undefined o
n input line 74.


Package natbib Warning: Citation `conneau2017supervised' on page 2 undefined on
 input line 74.


Package natbib Warning: Citation `bowman2015large' on page 2 undefined on input
 line 75.


Package natbib Warning: Citation `conneau2017supervised' on page 2 undefined on
 input line 75.


Package natbib Warning: Citation `kiros2015skip' on page 2 undefined on input l
ine 75.


Package natbib Warning: Citation `DBLP:journals/corr/abs-1803-11175' on page 2 
undefined on input line 75.


Package natbib Warning: Citation `vaswani2017attention' on page 2 undefined on 
input line 75.


Package natbib Warning: Citation `conneau2017supervised' on page 2 undefined on
 input line 75.


Package natbib Warning: Citation `Bengio2003' on page 2 undefined on input line
 77.


Package natbib Warning: Citation `peters2018deep' on page 2 undefined on input 
line 77.


Package natbib Warning: Citation `radford2018unsupervised' on page 2 undefined 
on input line 77.


Package natbib Warning: Citation `DBLP:journals/corr/abs-1801-06146' on page 2 
undefined on input line 77.


Package natbib Warning: Citation `conneau2018senteval' on page 2 undefined on i
nput line 79.


Package natbib Warning: Citation `conneau2018you' on page 2 undefined on input 
line 81.


Package natbib Warning: Citation `conneau2018senteval' on page 2 undefined on i
nput line 81.


Package natbib Warning: Citation `DBLP:journals/corr/abs-1803-11175' on page 2 
undefined on input line 81.


Package natbib Warning: Citation `conneau2018you' on page 2 undefined on input 
line 83.


Package natbib Warning: Citation `conneau2018senteval' on page 2 undefined on i
nput line 83.


Package natbib Warning: Citation `Bengio2003' on page 2 undefined on input line
 92.


Package natbib Warning: Citation `mikolov2013distributed' on page 2 undefined o
n input line 92.


Package natbib Warning: Citation `mikolov2013distributed' on page 2 undefined o
n input line 92.


Package natbib Warning: Citation `NIPS2014_5477' on page 2 undefined on input l
ine 92.

[2]

Package natbib Warning: Citation `pennington2014glove' on page 3 undefined on i
nput line 94.


Package natbib Warning: Citation `bojanowski2016enriching' on page 3 undefined 
on input line 96.


Package natbib Warning: Citation `joulin2016bag' on page 3 undefined on input l
ine 96.


Package natbib Warning: Citation `peters2018deep' on page 3 undefined on input 
line 98.


Package natbib Warning: Citation `peters2018deep' on page 3 undefined on input 
line 98.


Package natbib Warning: Citation `bojanowski2016enriching' on page 3 undefined 
on input line 100.


Package natbib Warning: Citation `peters2018deep' on page 3 undefined on input 
line 100.


Package natbib Warning: Citation `peters2018deep' on page 3 undefined on input 
line 100.


Package natbib Warning: Citation `peters2018deep' on page 3 undefined on input 
line 100.


Package natbib Warning: Citation `peters2018deep' on page 3 undefined on input 
line 100.


Package natbib Warning: Citation `wittgenstein1953philosophical' on page 3 unde
fined on input line 102.


Package natbib Warning: Citation `peters2018deep' on page 3 undefined on input 
line 102.


Package natbib Warning: Citation `wittgenstein1953philosophical' on page 3 unde
fined on input line 102.


Package natbib Warning: Citation `DBLP:journals/corr/abs-1803-01400' on page 3 
undefined on input line 105.


Package natbib Warning: Citation `DBLP:journals/corr/abs-1803-01400' on page 3 
undefined on input line 105.


Package natbib Warning: Citation `kiros2015skip' on page 3 undefined on input l
ine 131.

[3]

Package natbib Warning: Citation `conneau2017supervised' on page 4 undefined on
 input line 133.


Package natbib Warning: Citation `bowman2015large' on page 4 undefined on input
 line 133.


Package natbib Warning: Citation `DBLP:journals/corr/abs-1803-01400' on page 4 
undefined on input line 135.


Package natbib Warning: Citation `conneau2017supervised' on page 4 undefined on
 input line 135.


Package natbib Warning: Citation `pagliardini2017unsupervised' on page 4 undefi
ned on input line 135.


Package natbib Warning: Citation `conneau2017supervised' on page 4 undefined on
 input line 135.


Package natbib Warning: Citation `hardy1952inequalities' on page 4 undefined on
 input line 135.


Package natbib Warning: Citation `DBLP:journals/corr/abs-1803-11175' on page 4 
undefined on input line 137.


Package natbib Warning: Citation `vaswani2017attention' on page 4 undefined on 
input line 137.


Package natbib Warning: Citation `iyyer2015deep' on page 4 undefined on input l
ine 137.


Package natbib Warning: Citation `le2014distributed' on page 4 undefined on inp
ut line 139.


Package natbib Warning: Citation `hill2016learning' on page 4 undefined on inpu
t line 139.


Package natbib Warning: Citation `pagliardini2017unsupervised' on page 4 undefi
ned on input line 139.


Underfull \hbox (badness 3250) in paragraph at lines 139--140
[]\T1/ptm/m/n/10 (+20) Some oth-er ef-fort-s in cre-at-ing sen-tences em-bed-di
ngs in-clude, but are not lim-it-ed to,
 []


Package natbib Warning: Citation `bakarov2018survey' on page 4 undefined on inp
ut line 146.


Package natbib Warning: Citation `conneau2018senteval' on page 4 undefined on i
nput line 148.


Package natbib Warning: Citation `conneau2018senteval' on page 4 undefined on i
nput line 148.


Package natbib Warning: Citation `hu2004mining' on page 4 undefined on input li
ne 174.


Package natbib Warning: Citation `wiebe2005annotating' on page 4 undefined on i
nput line 174.


Package natbib Warning: Citation `pang2005seeing' on page 4 undefined on input 
line 174.


Package natbib Warning: Citation `socher2013recursive' on page 4 undefined on i
nput line 174.


Underfull \hbox (badness 1270) in paragraph at lines 174--174
\T1/ptm/m/n/10 (+20) nack for pick-ing roles
 []


Package natbib Warning: Citation `socher2013recursive' on page 4 undefined on i
nput line 174.


Package natbib Warning: Citation `pang2004sentimental' on page 4 undefined on i
nput line 174.


Package natbib Warning: Citation `voorhees2000building' on page 4 undefined on 
input line 174.


Package natbib Warning: Citation `lin2014microsoft' on page 4 undefined on inpu
t line 199.


Package natbib Warning: Citation `dolan2004unsupervised' on page 4 undefined on
 input line 199.


Underfull \hbox (badness 8019) in paragraph at lines 199--199
\T1/ptm/m/n/10 (+20) a pair of sen-
 []


Underfull \hbox (badness 10000) in paragraph at lines 199--199
\T1/ptm/m/n/10 (+20) tences cap-ture
 []


Underfull \hbox (badness 10000) in paragraph at lines 199--199
\T1/ptm/m/n/10 (+20) a para-phrase
 []


Underfull \hbox (badness 10000) in paragraph at lines 199--199
[]|\T1/ptm/m/n/10 (+20) The pro-ce-dure
 []


Underfull \hbox (badness 10000) in paragraph at lines 199--199
\T1/ptm/m/n/10 (+20) is gen-er-al-ly
 []


Underfull \hbox (badness 2717) in paragraph at lines 199--199
\T1/ptm/m/n/10 (+20) sec-ond or third
 []


Underfull \hbox (badness 1448) in paragraph at lines 199--199
\T1/ptm/m/n/10 (+20) used dur-ing the
 []


Underfull \hbox (badness 1400) in paragraph at lines 199--199
\T1/ptm/m/n/10 (+20) sec-ond and, oc-
 []


Underfull \hbox (badness 1990) in paragraph at lines 199--199
\T1/ptm/m/n/10 (+20) ca-sion-al-ly, third
 []


Package natbib Warning: Citation `cer2017semeval' on page 4 undefined on input 
line 199.


Underfull \hbox (badness 1062) in paragraph at lines 199--199
\T1/ptm/m/n/10 (+20) leak kill-s 15 in
 []


Package natbib Warning: Citation `marelli2014sick' on page 4 undefined on input
 line 199.


Underfull \hbox (badness 5446) in paragraph at lines 199--199
[]|\T1/ptm/m/n/10 (+20) To mea-sure se-
 []


Underfull \hbox (badness 10000) in paragraph at lines 199--199
\T1/ptm/m/n/10 (+20) of En-tail-men-t,
 []


Underfull \hbox (badness 2277) in paragraph at lines 199--199
\T1/ptm/m/n/10 (+20) on a chair and
 []


Underfull \hbox (badness 1132) in paragraph at lines 199--199
\T1/ptm/m/n/10 (+20) and rub-bing his
 []


Package natbib Warning: Citation `marelli2014sick' on page 4 undefined on input
 line 199.


Underfull \hbox (badness 2828) in paragraph at lines 199--199
[]|\T1/ptm/m/n/10 (+20) To mea-sure the
 []


Underfull \hbox (badness 4132) in paragraph at lines 199--199
\T1/ptm/m/n/10 (+20) tween sen-tences
 []


Underfull \hbox (badness 10000) in paragraph at lines 199--199
\T1/ptm/m/n/10 (+20) ing a pack-age
 []


Underfull \hbox (badness 10000) in paragraph at lines 199--199
\T1/ptm/m/n/10 (+20) that con-tain-s
 []


Package natbib Warning: Citation `bowman2015large' on page 4 undefined on input
 line 199.


Underfull \hbox (badness 5446) in paragraph at lines 199--199
[]|\T1/ptm/m/n/10 (+20) To mea-sure se-
 []


Underfull \hbox (badness 10000) in paragraph at lines 199--199
\T1/ptm/m/n/10 (+20) of En-tail-men-t,
 []


Underfull \hbox (badness 2237) in paragraph at lines 199--199
[]|\T1/ptm/m/n/10 (+20) The carousel is
 []


Package natbib Warning: Citation `conneau2018you' on page 4 undefined on input 
line 206.


Package natbib Warning: Citation `conneau2018you' on page 4 undefined on input 
line 206.


Package natbib Warning: Citation `conneau2018you' on page 4 undefined on input 
line 206.


Underfull \hbox (badness 3029) in paragraph at lines 238--238
\T1/ptm/m/n/10 (+20) t-wo co-or-di-nate claus-es.
 []


Underfull \hbox (badness 2644) in paragraph at lines 238--238
\T1/ptm/m/n/10 (+20) De-tec-t whether claus-es
 []


Underfull \hbox (badness 6691) in paragraph at lines 238--238
[]|\T1/ptm/m/n/10 (+20) He re-ceived the 200
 []


Underfull \hbox (badness 10000) in paragraph at lines 238--238
[]|\T1/ptm/m/n/10 (+20) Predict the sen-tence
 []


Underfull \hbox (badness 10000) in paragraph at lines 238--238
[]|\T1/ptm/m/n/10 (+20) Predict the max-i-mum
 []

[4]

Package natbib Warning: Citation `peters2018deep' on page 5 undefined on input 
line 247.


Package natbib Warning: Citation `Gardner2017AllenNLP' on page 5 undefined on i
nput line 247.


Package natbib Warning: Citation `peters2018deep' on page 5 undefined on input 
line 247.


Package natbib Warning: Citation `peters2018deep' on page 5 undefined on input 
line 247.


Package natbib Warning: Citation `peters2018deep' on page 5 undefined on input 
line 249.


Package natbib Warning: Citation `Gardner2017AllenNLP' on page 5 undefined on i
nput line 249.


Package natbib Warning: Citation `peters2018deep' on page 5 undefined on input 
line 249.


Package natbib Warning: Citation `peters2018deep' on page 5 undefined on input 
line 249.


Package natbib Warning: Citation `peters2018deep' on page 5 undefined on input 
line 251.


Package natbib Warning: Citation `peters2018deep' on page 5 undefined on input 
line 251.


Package natbib Warning: Citation `peters2018deep' on page 5 undefined on input 
line 251.


Package natbib Warning: Citation `peters2018deep' on page 5 undefined on input 
line 253.


Package natbib Warning: Citation `bojanowski2016enriching' on page 5 undefined 
on input line 255.

[5]

Package natbib Warning: Citation `pennington2014glove' on page 6 undefined on i
nput line 257.


Package natbib Warning: Citation `mikolov2013distributed' on page 6 undefined o
n input line 259.


Package natbib Warning: Citation `DBLP:journals/corr/abs-1803-01400' on page 6 
undefined on input line 261.


Package natbib Warning: Citation `kiros2015skip' on page 6 undefined on input l
ine 263.


Package natbib Warning: Citation `conneau2017supervised' on page 6 undefined on
 input line 265.


Package natbib Warning: Citation `DBLP:journals/corr/abs-1803-11175' on page 6 
undefined on input line 267.


Package natbib Warning: Citation `iyyer2015deep' on page 6 undefined on input l
ine 267.


Underfull \vbox (badness 10000) has occurred while \output is active []

 [6]

Package natbib Warning: Citation `DBLP:journals/corr/abs-1803-11175' on page 7 
undefined on input line 270.


Package natbib Warning: Citation `vaswani2017attention' on page 7 undefined on 
input line 270.


Underfull \hbox (badness 6032) in paragraph at lines 270--271
[]\T1/ptm/b/n/10 USE (Trans-former) \T1/ptm/m/n/10 (+20) [\T1/ptm/b/n/10 ? \T1/
ptm/m/n/10 (+20) ]: the U-ni-ver-sal Sen-tence En-coder (USE) was ob-tained
 []


Underfull \hbox (badness 10000) in paragraph at lines 270--271
\T1/ptm/m/n/10 (+20) from the T-F Hub web-site at []$\T1/cmtt/m/n/10 https : / 
/ www . tensorflow . org / hub / modules / google /$
 []


Package natbib Warning: Citation `conneau2018senteval' on page 7 undefined on i
nput line 274.


Package natbib Warning: Citation `journals/corr/KingmaB14' on page 7 undefined 
on input line 274.


LaTeX Warning: `h' float specifier changed to `ht'.


Package natbib Warning: Citation `conneau2018senteval' on page 7 undefined on i
nput line 299.


Package natbib Warning: Citation `conneau2018senteval' on page 7 undefined on i
nput line 301.

[7]

Package natbib Warning: Citation `lin2014microsoft' on page 8 undefined on inpu
t line 304.


Package natbib Warning: Citation `he2016deep' on page 8 undefined on input line
 304.


Package natbib Warning: Citation `journals/corr/KingmaB14' on page 8 undefined 
on input line 308.


Package natbib Warning: Citation `conneau2018you' on page 8 undefined on input 
line 308.


Package natbib Warning: Citation `peters2018deep' on page 8 undefined on input 
line 314.


Package natbib Warning: Citation `peters2018deep' on page 8 undefined on input 
line 314.


Package natbib Warning: Citation `peters2018deep' on page 8 undefined on input 
line 314.


Package natbib Warning: Citation `peters2018deep' on page 8 undefined on input 
line 314.


Package natbib Warning: Citation `conneau2017supervised' on page 8 undefined on
 input line 314.


Package natbib Warning: Citation `conneau2017supervised' on page 8 undefined on
 input line 316.


Package natbib Warning: Citation `conneau2017supervised' on page 8 undefined on
 input line 316.


Package natbib Warning: Citation `conneau2017supervised' on page 8 undefined on
 input line 316.


Package natbib Warning: Citation `DBLP:journals/corr/abs-1803-11175' on page 8 
undefined on input line 318.


Package natbib Warning: Citation `DBLP:journals/corr/abs-1803-01400' on page 8 
undefined on input line 320.


Package natbib Warning: Citation `peters2018deep' on page 8 undefined on input 
line 322.

[8] <images/fig_downstream_class.pdf, id=158, 574.24486pt x 501.47672pt>
File: images/fig_downstream_class.pdf Graphic file (type pdf)

<use images/fig_downstream_class.pdf>
Package pdftex.def Info: images/fig_downstream_class.pdf used on input line 358
.
(pdftex.def)             Requested size: 397.48499pt x 347.12883pt.


Package natbib Warning: Citation `DBLP:journals/corr/abs-1803-11175' on page 9 
undefined on input line 368.


Package natbib Warning: Citation `conneau2017supervised' on page 9 undefined on
 input line 368.

<images/fig_downstream_corr.pdf, id=161, 567.2136pt x 284.57262pt>
File: images/fig_downstream_corr.pdf Graphic file (type pdf)

<use images/fig_downstream_corr.pdf>
Package pdftex.def Info: images/fig_downstream_corr.pdf used on input line 405.

(pdftex.def)             Requested size: 397.48499pt x 199.42526pt.


Package natbib Warning: Citation `peters2018deep' on page 9 undefined on input 
line 414.


Package natbib Warning: Citation `peters2018deep' on page 9 undefined on input 
line 414.


Package natbib Warning: Citation `conneau2018you' on page 9 undefined on input 
line 416.


Package natbib Warning: Citation `conneau2018you' on page 9 undefined on input 
line 417.


Package natbib Warning: Citation `peters2018deep' on page 9 undefined on input 
line 417.


Package natbib Warning: Citation `peters2018deep' on page 9 undefined on input 
line 417.


Package natbib Warning: Citation `peters2018deep' on page 9 undefined on input 
line 417.


Package natbib Warning: Citation `BharathCVPR2015' on page 9 undefined on input
 line 417.


Package natbib Warning: Citation `peters2018deep' on page 9 undefined on input 
line 417.

[9] [10 <F:/1Study information/Scut/Papers/paper_arxiv_template/images/fig_down
stream_class.pdf> <F:/1Study information/Scut/Papers/paper_arxiv_template/image
s/fig_downstream_corr.pdf>]

Package natbib Warning: Citation `conneau2018you' on page 11 undefined on input
 line 419.


Package natbib Warning: Citation `DBLP:journals/corr/abs-1803-01400' on page 11
 undefined on input line 419.


Package natbib Warning: Citation `peters2018deep' on page 11 undefined on input
 line 419.


Package natbib Warning: Citation `conneau2017supervised' on page 11 undefined o
n input line 419.


Package natbib Warning: Citation `DBLP:journals/corr/abs-1803-01400' on page 11
 undefined on input line 419.

<images/fig_downstream_probing.pdf, id=311, 567.2136pt x 429.31651pt>
File: images/fig_downstream_probing.pdf Graphic file (type pdf)

<use images/fig_downstream_probing.pdf>
Package pdftex.def Info: images/fig_downstream_probing.pdf used on input line 4
54.
(pdftex.def)             Requested size: 397.48499pt x 300.86015pt.


Package natbib Warning: Citation `lin2014microsoft' on page 11 undefined on inp
ut line 460.


Package natbib Warning: Citation `lin2014microsoft' on page 11 undefined on inp
ut line 464.


Package natbib Warning: Citation `he2016deep' on page 11 undefined on input lin
e 464.


Package natbib Warning: Citation `lin2014microsoft' on page 11 undefined on inp
ut line 464.


Package natbib Warning: Citation `he2016deep' on page 11 undefined on input lin
e 464.


Package natbib Warning: Citation `conneau2017supervised' on page 11 undefined o
n input line 496.


Package natbib Warning: Citation `conneau2017supervised' on page 11 undefined o
n input line 496.


Underfull \vbox (badness 1910) has occurred while \output is active []

 [11]

Package natbib Warning: Citation `peters2018deep' on page 12 undefined on input
 line 503.


Package natbib Warning: Citation `peters2018deep' on page 12 undefined on input
 line 508.


Package natbib Warning: Citation `conneau2017supervised' on page 12 undefined o
n input line 508.


Package natbib Warning: Citation `peters2018deep' on page 12 undefined on input
 line 508.

[12 <F:/1Study information/Scut/Papers/paper_arxiv_template/images/fig_downstre
am_probing.pdf>]

Package natbib Warning: Citation `conneau2018senteval' on page 13 undefined on 
input line 511.

("F:\1Study information\Scut\Papers\paper_arxiv_template\main.bbl"

Package natbib Warning: Empty `thebibliography' environment on input line 8.

)

Package natbib Warning: There were undefined citations.

Package atveryend Info: Empty hook `BeforeClearDocument' on input line 583.
[13]
Package atveryend Info: Empty hook `AfterLastShipout' on input line 583.
 ("F:\1Study information\Scut\Papers\paper_arxiv_template\main.aux")
Package atveryend Info: Executing hook `AtVeryEndDocument' on input line 583.
Package atveryend Info: Executing hook `AtEndAfterFileList' on input line 583.
Package rerunfilecheck Info: File `main.out' has not changed.
(rerunfilecheck)             Checksum: 52D5E56CE2C55909E347B5DE497C91C8;1289.
 ) 
Here is how much of TeX's memory you used:
 8157 strings out of 495354
 120808 string characters out of 3183634
 266610 words of memory out of 3000000
 10978 multiletter control sequences out of 15000+200000
 46355 words of font info for 170 fonts, out of 3000000 for 9000
 14 hyphenation exceptions out of 8191
 31i,12n,35p,1024b,350s stack positions out of 5000i,500n,10000p,200000b,50000s
{J:/Dev/CTEX/MiKTeX/fonts/enc/dvips/fontname/8r.enc}{J:/Dev/CTEX/MiKTeX/fonts
/enc/dvips/cm-super/cm-super-t1.enc}<J:/Dev/CTEX/MiKTeX/fonts/type1/public/amsf
onts/cm/cmmi10.pfb><J:/Dev/CTEX/MiKTeX/fonts/type1/public/amsfonts/cm/cmr10.pfb
><J:/Dev/CTEX/MiKTeX/fonts/type1/public/amsfonts/cm/cmsy10.pfb><J:/Dev/CTEX/MiK
TeX/fonts/type1/public/cm-super/sftt1000.pfb><J:/Dev/CTEX/MiKTeX/fonts/type1/ur
w/times/utmb8a.pfb><J:/Dev/CTEX/MiKTeX/fonts/type1/urw/times/utmr8a.pfb><J:/Dev
/CTEX/MiKTeX/fonts/type1/urw/times/utmri8a.pfb>
Output written on main.pdf (13 pages, 254725 bytes).
PDF statistics:
 438 PDF objects out of 1000 (max. 8388607)
 50 named destinations out of 1000 (max. 500000)
 24744 words of extra memory for PDF output out of 24883 (max. 10000000)

